Analysis & Synthesis report for CILOCKER7SEGv1
Mon Jun 11 13:48:27 2018
Quartus II Version 9.1 Build 222 10/21/2009 SJ Web Edition


---------------------
; Table of Contents ;
---------------------
  1. Legal Notice
  2. Analysis & Synthesis Summary
  3. Analysis & Synthesis Settings
  4. Parallel Compilation
  5. Analysis & Synthesis Source Files Read
  6. Analysis & Synthesis Resource Usage Summary
  7. Analysis & Synthesis Resource Utilization by Entity
  8. User-Specified and Inferred Latches
  9. General Register Statistics
 10. Analysis & Synthesis Messages



----------------
; Legal Notice ;
----------------
Copyright (C) 1991-2009 Altera Corporation
Your use of Altera Corporation's design tools, logic functions 
and other software and tools, and its AMPP partner logic 
functions, and any output files from any of the foregoing 
(including device programming or simulation files), and any 
associated documentation or information are expressly subject 
to the terms and conditions of the Altera Program License 
Subscription Agreement, Altera MegaCore Function License 
Agreement, or other applicable license agreement, including, 
without limitation, that your use is for the sole purpose of 
programming logic devices manufactured by Altera and sold by 
Altera or its authorized distributors.  Please refer to the 
applicable agreement for further details.



+------------------------------------------------------------------------------+
; Analysis & Synthesis Summary                                                 ;
+------------------------------------+-----------------------------------------+
; Analysis & Synthesis Status        ; Successful - Mon Jun 11 13:48:27 2018   ;
; Quartus II Version                 ; 9.1 Build 222 10/21/2009 SJ Web Edition ;
; Revision Name                      ; CILOCKER7SEGv1                          ;
; Top-level Entity Name              ; CILOCKER7SEGv1                          ;
; Family                             ; Cyclone II                              ;
; Total logic elements               ; 30                                      ;
;     Total combinational functions  ; 30                                      ;
;     Dedicated logic registers      ; 0                                       ;
; Total registers                    ; 0                                       ;
; Total pins                         ; 83                                      ;
; Total virtual pins                 ; 0                                       ;
; Total memory bits                  ; 0                                       ;
; Embedded Multiplier 9-bit elements ; 0                                       ;
; Total PLLs                         ; 0                                       ;
+------------------------------------+-----------------------------------------+


+----------------------------------------------------------------------------------------------------------------------+
; Analysis & Synthesis Settings                                                                                        ;
+----------------------------------------------------------------------------+--------------------+--------------------+
; Option                                                                     ; Setting            ; Default Value      ;
+----------------------------------------------------------------------------+--------------------+--------------------+
; Device                                                                     ; EP2C35F672C6       ;                    ;
; Top-level entity name                                                      ; CILOCKER7SEGv1     ; CILOCKER7SEGv1     ;
; Family name                                                                ; Cyclone II         ; Stratix II         ;
; Type of Retiming Performed During Resynthesis                              ; Full               ;                    ;
; Resynthesis Optimization Effort                                            ; Normal             ;                    ;
; Physical Synthesis Level for Resynthesis                                   ; Normal             ;                    ;
; Use Generated Physical Constraints File                                    ; On                 ;                    ;
; Use smart compilation                                                      ; Off                ; Off                ;
; Enable parallel Assembler and TimeQuest Timing Analyzer during compilation ; On                 ; On                 ;
; Enable compact report table                                                ; Off                ; Off                ;
; Restructure Multiplexers                                                   ; Auto               ; Auto               ;
; Create Debugging Nodes for IP Cores                                        ; Off                ; Off                ;
; Preserve fewer node names                                                  ; On                 ; On                 ;
; Disable OpenCore Plus hardware evaluation                                  ; Off                ; Off                ;
; Verilog Version                                                            ; Verilog_2001       ; Verilog_2001       ;
; VHDL Version                                                               ; VHDL_1993          ; VHDL_1993          ;
; State Machine Processing                                                   ; Auto               ; Auto               ;
; Safe State Machine                                                         ; Off                ; Off                ;
; Extract Verilog State Machines                                             ; On                 ; On                 ;
; Extract VHDL State Machines                                                ; On                 ; On                 ;
; Ignore Verilog initial constructs                                          ; Off                ; Off                ;
; Iteration limit for constant Verilog loops                                 ; 5000               ; 5000               ;
; Iteration limit for non-constant Verilog loops                             ; 250                ; 250                ;
; Add Pass-Through Logic to Inferred RAMs                                    ; On                 ; On                 ;
; Parallel Synthesis                                                         ; On                 ; On                 ;
; DSP Block Balancing                                                        ; Auto               ; Auto               ;
; NOT Gate Push-Back                                                         ; On                 ; On                 ;
; Power-Up Don't Care                                                        ; On                 ; On                 ;
; Remove Redundant Logic Cells                                               ; Off                ; Off                ;
; Remove Duplicate Registers                                                 ; On                 ; On                 ;
; Ignore CARRY Buffers                                                       ; Off                ; Off                ;
; Ignore CASCADE Buffers                                                     ; Off                ; Off                ;
; Ignore GLOBAL Buffers                                                      ; Off                ; Off                ;
; Ignore ROW GLOBAL Buffers                                                  ; Off                ; Off                ;
; Ignore LCELL Buffers                                                       ; Off                ; Off                ;
; Ignore SOFT Buffers                                                        ; On                 ; On                 ;
; Limit AHDL Integers to 32 Bits                                             ; Off                ; Off                ;
; Optimization Technique                                                     ; Balanced           ; Balanced           ;
; Carry Chain Length                                                         ; 70                 ; 70                 ;
; Auto Carry Chains                                                          ; On                 ; On                 ;
; Auto Open-Drain Pins                                                       ; On                 ; On                 ;
; Perform WYSIWYG Primitive Resynthesis                                      ; Off                ; Off                ;
; Auto ROM Replacement                                                       ; On                 ; On                 ;
; Auto RAM Replacement                                                       ; On                 ; On                 ;
; Auto Shift Register Replacement                                            ; Auto               ; Auto               ;
; Auto Clock Enable Replacement                                              ; On                 ; On                 ;
; Strict RAM Replacement                                                     ; Off                ; Off                ;
; Allow Synchronous Control Signals                                          ; On                 ; On                 ;
; Force Use of Synchronous Clear Signals                                     ; Off                ; Off                ;
; Auto RAM to Logic Cell Conversion                                          ; Off                ; Off                ;
; Auto Resource Sharing                                                      ; Off                ; Off                ;
; Allow Any RAM Size For Recognition                                         ; Off                ; Off                ;
; Allow Any ROM Size For Recognition                                         ; Off                ; Off                ;
; Allow Any Shift Register Size For Recognition                              ; Off                ; Off                ;
; Use LogicLock Constraints during Resource Balancing                        ; On                 ; On                 ;
; Ignore translate_off and synthesis_off directives                          ; Off                ; Off                ;
; Timing-Driven Synthesis                                                    ; Off                ; Off                ;
; Show Parameter Settings Tables in Synthesis Report                         ; On                 ; On                 ;
; Ignore Maximum Fan-Out Assignments                                         ; Off                ; Off                ;
; Synchronization Register Chain Length                                      ; 2                  ; 2                  ;
; PowerPlay Power Optimization                                               ; Normal compilation ; Normal compilation ;
; HDL message level                                                          ; Level2             ; Level2             ;
; Suppress Register Optimization Related Messages                            ; Off                ; Off                ;
; Number of Removed Registers Reported in Synthesis Report                   ; 100                ; 100                ;
; Number of Inverted Registers Reported in Synthesis Report                  ; 100                ; 100                ;
; Clock MUX Protection                                                       ; On                 ; On                 ;
; Auto Gated Clock Conversion                                                ; Off                ; Off                ;
; Block Design Naming                                                        ; Auto               ; Auto               ;
; SDC constraint protection                                                  ; Off                ; Off                ;
; Synthesis Effort                                                           ; Auto               ; Auto               ;
; Shift Register Replacement - Allow Asynchronous Clear Signal               ; On                 ; On                 ;
; Analysis & Synthesis Message Level                                         ; Medium             ; Medium             ;
; Disable Register Merging Across Hierarchies                                ; Auto               ; Auto               ;
; Resource Aware Inference For Block RAM                                     ; On                 ; On                 ;
+----------------------------------------------------------------------------+--------------------+--------------------+


Parallel compilation was disabled, but you have multiple processors available. Enable parallel compilation to reduce compilation time.
+-------------------------------------+
; Parallel Compilation                ;
+----------------------------+--------+
; Processors                 ; Number ;
+----------------------------+--------+
; Number detected on machine ; 4      ;
; Maximum allowed            ; 1      ;
+----------------------------+--------+


+----------------------------------------------------------------------------------------------------------------------------------------------------------------------------------------------------------+
; Analysis & Synthesis Source Files Read                                                                                                                                                                   ;
+----------------------------------+-----------------+------------------------+----------------------------------------------------------------------------------------------------------------------------+
; File Name with User-Entered Path ; Used in Netlist ; File Type              ; File Name with Absolute Path                                                                                               ;
+----------------------------------+-----------------+------------------------+----------------------------------------------------------------------------------------------------------------------------+
; CILOCKER7SEGv1.v                 ; yes             ; User Verilog HDL File  ; C:/Users/lucas/Downloads/15647NeonBand.RarZipExtractorPro_g3b9h1p9bdemw!App/CILOCKER7SEGv1/CILOCKER7SEGv1/CILOCKER7SEGv1.v ;
+----------------------------------+-----------------+------------------------+----------------------------------------------------------------------------------------------------------------------------+


+-----------------------------------------------------+
; Analysis & Synthesis Resource Usage Summary         ;
+---------------------------------------------+-------+
; Resource                                    ; Usage ;
+---------------------------------------------+-------+
; Estimated Total logic elements              ; 30    ;
;                                             ;       ;
; Total combinational functions               ; 30    ;
; Logic element usage by number of LUT inputs ;       ;
;     -- 4 input functions                    ; 3     ;
;     -- 3 input functions                    ; 23    ;
;     -- <=2 input functions                  ; 4     ;
;                                             ;       ;
; Logic elements by mode                      ;       ;
;     -- normal mode                          ; 30    ;
;     -- arithmetic mode                      ; 0     ;
;                                             ;       ;
; Total registers                             ; 0     ;
;     -- Dedicated logic registers            ; 0     ;
;     -- I/O registers                        ; 0     ;
;                                             ;       ;
; I/O pins                                    ; 83    ;
; Maximum fan-out node                        ; reset ;
; Maximum fan-out                             ; 23    ;
; Total fan-out                               ; 140   ;
; Average fan-out                             ; 1.24  ;
+---------------------------------------------+-------+


+-----------------------------------------------------------------------------------------------------------------------------------------------------------------------------+
; Analysis & Synthesis Resource Utilization by Entity                                                                                                                         ;
+----------------------------+-------------------+--------------+-------------+--------------+---------+-----------+------+--------------+---------------------+--------------+
; Compilation Hierarchy Node ; LC Combinationals ; LC Registers ; Memory Bits ; DSP Elements ; DSP 9x9 ; DSP 18x18 ; Pins ; Virtual Pins ; Full Hierarchy Name ; Library Name ;
+----------------------------+-------------------+--------------+-------------+--------------+---------+-----------+------+--------------+---------------------+--------------+
; |CILOCKER7SEGv1            ; 30 (30)           ; 0 (0)        ; 0           ; 0            ; 0       ; 0         ; 83   ; 0            ; |CILOCKER7SEGv1     ; work         ;
+----------------------------+-------------------+--------------+-------------+--------------+---------+-----------+------+--------------+---------------------+--------------+
Note: For table entries with two numbers listed, the numbers in parentheses indicate the number of resources of the given type used by the specific entity alone. The numbers listed outside of parentheses indicate the total resources of the given type used by the specific entity and all of its sub-entities in the hierarchy.


+----------------------------------------------------------------------------------------------------+
; User-Specified and Inferred Latches                                                                ;
+-----------------------------------------------------+---------------------+------------------------+
; Latch Name                                          ; Latch Enable Signal ; Free of Timing Hazards ;
+-----------------------------------------------------+---------------------+------------------------+
; LEDR[0]$latch                                       ; LEDR[17]            ; yes                    ;
; LEDR[1]$latch                                       ; LEDR[17]            ; yes                    ;
; LEDR[2]$latch                                       ; LEDR[17]            ; yes                    ;
; LEDR[3]$latch                                       ; LEDR[17]            ; yes                    ;
; LEDR[4]$latch                                       ; LEDR[17]            ; yes                    ;
; LEDR[5]$latch                                       ; LEDR[17]            ; yes                    ;
; LEDR[6]$latch                                       ; LEDR[17]            ; yes                    ;
; LEDR[7]$latch                                       ; LEDR[17]            ; yes                    ;
; LEDR[8]$latch                                       ; LEDR[17]            ; yes                    ;
; LEDR[9]$latch                                       ; LEDR[17]            ; yes                    ;
; LEDR[10]$latch                                      ; LEDR[17]            ; yes                    ;
; LEDR[11]$latch                                      ; LEDR[17]            ; yes                    ;
; LEDR[12]$latch                                      ; LEDR[17]            ; yes                    ;
; LEDR[13]$latch                                      ; LEDR[17]            ; yes                    ;
; LEDR[14]$latch                                      ; LEDR[17]            ; yes                    ;
; LEDR[15]$latch                                      ; LEDR[17]            ; yes                    ;
; LEDR[16]$latch                                      ; LEDR[17]            ; yes                    ;
; LEDR[17]$latch                                      ; LEDR[17]            ; yes                    ;
; LEDG[2]$latch                                       ; LEDR[17]            ; yes                    ;
; LEDG[3]$latch                                       ; LEDR[17]            ; yes                    ;
; LEDG[4]$latch                                       ; LEDR[17]            ; yes                    ;
; LEDG[5]$latch                                       ; LEDR[17]            ; yes                    ;
; LEDG[6]$latch                                       ; LEDR[17]            ; yes                    ;
; LEDG[7]$latch                                       ; LEDR[17]            ; yes                    ;
; LEDG8$latch                                         ; GND                 ; yes                    ;
; HEX0[0]$latch                                       ; GND                 ; yes                    ;
; HEX0[1]$latch                                       ; validar             ; yes                    ;
; HEX0[2]$latch                                       ; GND                 ; yes                    ;
; HEX0[3]$latch                                       ; GND                 ; yes                    ;
; HEX0[4]$latch                                       ; validar             ; yes                    ;
; HEX0[5]$latch                                       ; GND                 ; yes                    ;
; HEX0[6]$latch                                       ; validar             ; yes                    ;
; HEX1[0]$latch                                       ; GND                 ; yes                    ;
; HEX1[1]$latch                                       ; validar             ; yes                    ;
; HEX1[2]$latch                                       ; GND                 ; yes                    ;
; HEX1[3]$latch                                       ; validar             ; yes                    ;
; HEX1[4]$latch                                       ; validar             ; yes                    ;
; HEX1[5]$latch                                       ; GND                 ; yes                    ;
; HEX1[6]$latch                                       ; GND                 ; yes                    ;
; HEX2[0]$latch                                       ; GND                 ; yes                    ;
; HEX2[1]$latch                                       ; GND                 ; yes                    ;
; HEX2[2]$latch                                       ; GND                 ; yes                    ;
; HEX2[4]$latch                                       ; GND                 ; yes                    ;
; HEX2[5]$latch                                       ; GND                 ; yes                    ;
; HEX2[6]$latch                                       ; GND                 ; yes                    ;
; HEX3[0]$latch                                       ; GND                 ; yes                    ;
; HEX3[1]$latch                                       ; validar             ; yes                    ;
; HEX3[3]$latch                                       ; validar             ; yes                    ;
; HEX3[4]$latch                                       ; GND                 ; yes                    ;
; HEX3[5]$latch                                       ; GND                 ; yes                    ;
; HEX3[6]$latch                                       ; GND                 ; yes                    ;
; Number of user-specified and inferred latches = 51  ;                     ;                        ;
+-----------------------------------------------------+---------------------+------------------------+
Note: All latches listed above may not be present at the end of synthesis due to various synthesis optimizations.


+------------------------------------------------------+
; General Register Statistics                          ;
+----------------------------------------------+-------+
; Statistic                                    ; Value ;
+----------------------------------------------+-------+
; Total registers                              ; 0     ;
; Number of registers using Synchronous Clear  ; 0     ;
; Number of registers using Synchronous Load   ; 0     ;
; Number of registers using Asynchronous Clear ; 0     ;
; Number of registers using Asynchronous Load  ; 0     ;
; Number of registers using Clock Enable       ; 0     ;
; Number of registers using Preset             ; 0     ;
+----------------------------------------------+-------+


+-------------------------------+
; Analysis & Synthesis Messages ;
+-------------------------------+
Info: *******************************************************************
Info: Running Quartus II Analysis & Synthesis
    Info: Version 9.1 Build 222 10/21/2009 SJ Web Edition
    Info: Processing started: Mon Jun 11 13:48:26 2018
Info: Command: quartus_map --read_settings_files=on --write_settings_files=off CILOCKER7SEGv1 -c CILOCKER7SEGv1
Info: Found 1 design units, including 1 entities, in source file cilocker7segv1.v
    Info: Found entity 1: CILOCKER7SEGv1
Info: Elaborating entity "CILOCKER7SEGv1" for the top level hierarchy
Warning (10230): Verilog HDL assignment warning at CILOCKER7SEGv1.v(39): truncated value with size 7 to match size of target (1)
Warning (10235): Verilog HDL Always Construct warning at CILOCKER7SEGv1.v(94): variable "apaga" is read inside the Always Construct but isn't in the Always Construct's Event Control
Warning (10235): Verilog HDL Always Construct warning at CILOCKER7SEGv1.v(104): variable "SW" is read inside the Always Construct but isn't in the Always Construct's Event Control
Warning (10235): Verilog HDL Always Construct warning at CILOCKER7SEGv1.v(105): variable "SW" is read inside the Always Construct but isn't in the Always Construct's Event Control
Warning (10235): Verilog HDL Always Construct warning at CILOCKER7SEGv1.v(106): variable "SW" is read inside the Always Construct but isn't in the Always Construct's Event Control
Warning (10235): Verilog HDL Always Construct warning at CILOCKER7SEGv1.v(107): variable "SW" is read inside the Always Construct but isn't in the Always Construct's Event Control
Warning (10235): Verilog HDL Always Construct warning at CILOCKER7SEGv1.v(108): variable "count" is read inside the Always Construct but isn't in the Always Construct's Event Control
Warning (10230): Verilog HDL assignment warning at CILOCKER7SEGv1.v(108): truncated value with size 32 to match size of target (1)
Warning (10240): Verilog HDL Always Construct warning at CILOCKER7SEGv1.v(92): inferring latch(es) for variable "HEX4", which holds its previous value in one or more paths through the always construct
Warning (10240): Verilog HDL Always Construct warning at CILOCKER7SEGv1.v(92): inferring latch(es) for variable "HEX3", which holds its previous value in one or more paths through the always construct
Warning (10240): Verilog HDL Always Construct warning at CILOCKER7SEGv1.v(92): inferring latch(es) for variable "HEX2", which holds its previous value in one or more paths through the always construct
Warning (10240): Verilog HDL Always Construct warning at CILOCKER7SEGv1.v(92): inferring latch(es) for variable "HEX1", which holds its previous value in one or more paths through the always construct
Warning (10240): Verilog HDL Always Construct warning at CILOCKER7SEGv1.v(92): inferring latch(es) for variable "HEX0", which holds its previous value in one or more paths through the always construct
Warning (10240): Verilog HDL Always Construct warning at CILOCKER7SEGv1.v(92): inferring latch(es) for variable "apaga", which holds its previous value in one or more paths through the always construct
Warning (10240): Verilog HDL Always Construct warning at CILOCKER7SEGv1.v(92): inferring latch(es) for variable "count", which holds its previous value in one or more paths through the always construct
Warning (10235): Verilog HDL Always Construct warning at CILOCKER7SEGv1.v(123): variable "SW" is read inside the Always Construct but isn't in the Always Construct's Event Control
Warning (10240): Verilog HDL Always Construct warning at CILOCKER7SEGv1.v(121): inferring latch(es) for variable "LEDG", which holds its previous value in one or more paths through the always construct
Warning (10240): Verilog HDL Always Construct warning at CILOCKER7SEGv1.v(121): inferring latch(es) for variable "LEDR", which holds its previous value in one or more paths through the always construct
Warning (10240): Verilog HDL Always Construct warning at CILOCKER7SEGv1.v(121): inferring latch(es) for variable "LEDG8", which holds its previous value in one or more paths through the always construct
Info (10041): Inferred latch for "LEDG8" at CILOCKER7SEGv1.v(326)
Info (10041): Inferred latch for "LEDR[0]" at CILOCKER7SEGv1.v(326)
Info (10041): Inferred latch for "LEDR[1]" at CILOCKER7SEGv1.v(326)
Info (10041): Inferred latch for "LEDR[2]" at CILOCKER7SEGv1.v(326)
Info (10041): Inferred latch for "LEDR[3]" at CILOCKER7SEGv1.v(326)
Info (10041): Inferred latch for "LEDR[4]" at CILOCKER7SEGv1.v(326)
Info (10041): Inferred latch for "LEDR[5]" at CILOCKER7SEGv1.v(326)
Info (10041): Inferred latch for "LEDR[6]" at CILOCKER7SEGv1.v(326)
Info (10041): Inferred latch for "LEDR[7]" at CILOCKER7SEGv1.v(326)
Info (10041): Inferred latch for "LEDR[8]" at CILOCKER7SEGv1.v(326)
Info (10041): Inferred latch for "LEDR[9]" at CILOCKER7SEGv1.v(326)
Info (10041): Inferred latch for "LEDR[10]" at CILOCKER7SEGv1.v(326)
Info (10041): Inferred latch for "LEDR[11]" at CILOCKER7SEGv1.v(326)
Info (10041): Inferred latch for "LEDR[12]" at CILOCKER7SEGv1.v(326)
Info (10041): Inferred latch for "LEDR[13]" at CILOCKER7SEGv1.v(326)
Info (10041): Inferred latch for "LEDR[14]" at CILOCKER7SEGv1.v(326)
Info (10041): Inferred latch for "LEDR[15]" at CILOCKER7SEGv1.v(326)
Info (10041): Inferred latch for "LEDR[16]" at CILOCKER7SEGv1.v(326)
Info (10041): Inferred latch for "LEDR[17]" at CILOCKER7SEGv1.v(326)
Info (10041): Inferred latch for "LEDG[0]" at CILOCKER7SEGv1.v(326)
Info (10041): Inferred latch for "LEDG[1]" at CILOCKER7SEGv1.v(326)
Info (10041): Inferred latch for "LEDG[2]" at CILOCKER7SEGv1.v(326)
Info (10041): Inferred latch for "LEDG[3]" at CILOCKER7SEGv1.v(326)
Info (10041): Inferred latch for "LEDG[4]" at CILOCKER7SEGv1.v(326)
Info (10041): Inferred latch for "LEDG[5]" at CILOCKER7SEGv1.v(326)
Info (10041): Inferred latch for "LEDG[6]" at CILOCKER7SEGv1.v(326)
Info (10041): Inferred latch for "LEDG[7]" at CILOCKER7SEGv1.v(326)
Info (10041): Inferred latch for "HEX0[0]" at CILOCKER7SEGv1.v(110)
Info (10041): Inferred latch for "HEX0[1]" at CILOCKER7SEGv1.v(110)
Info (10041): Inferred latch for "HEX0[2]" at CILOCKER7SEGv1.v(110)
Info (10041): Inferred latch for "HEX0[3]" at CILOCKER7SEGv1.v(110)
Info (10041): Inferred latch for "HEX0[4]" at CILOCKER7SEGv1.v(110)
Info (10041): Inferred latch for "HEX0[5]" at CILOCKER7SEGv1.v(110)
Info (10041): Inferred latch for "HEX0[6]" at CILOCKER7SEGv1.v(110)
Info (10041): Inferred latch for "HEX1[0]" at CILOCKER7SEGv1.v(110)
Info (10041): Inferred latch for "HEX1[1]" at CILOCKER7SEGv1.v(110)
Info (10041): Inferred latch for "HEX1[2]" at CILOCKER7SEGv1.v(110)
Info (10041): Inferred latch for "HEX1[3]" at CILOCKER7SEGv1.v(110)
Info (10041): Inferred latch for "HEX1[4]" at CILOCKER7SEGv1.v(110)
Info (10041): Inferred latch for "HEX1[5]" at CILOCKER7SEGv1.v(110)
Info (10041): Inferred latch for "HEX1[6]" at CILOCKER7SEGv1.v(110)
Info (10041): Inferred latch for "HEX2[0]" at CILOCKER7SEGv1.v(110)
Info (10041): Inferred latch for "HEX2[1]" at CILOCKER7SEGv1.v(110)
Info (10041): Inferred latch for "HEX2[2]" at CILOCKER7SEGv1.v(110)
Info (10041): Inferred latch for "HEX2[3]" at CILOCKER7SEGv1.v(110)
Info (10041): Inferred latch for "HEX2[4]" at CILOCKER7SEGv1.v(110)
Info (10041): Inferred latch for "HEX2[5]" at CILOCKER7SEGv1.v(110)
Info (10041): Inferred latch for "HEX2[6]" at CILOCKER7SEGv1.v(110)
Info (10041): Inferred latch for "HEX3[0]" at CILOCKER7SEGv1.v(110)
Info (10041): Inferred latch for "HEX3[1]" at CILOCKER7SEGv1.v(110)
Info (10041): Inferred latch for "HEX3[2]" at CILOCKER7SEGv1.v(110)
Info (10041): Inferred latch for "HEX3[3]" at CILOCKER7SEGv1.v(110)
Info (10041): Inferred latch for "HEX3[4]" at CILOCKER7SEGv1.v(110)
Info (10041): Inferred latch for "HEX3[5]" at CILOCKER7SEGv1.v(110)
Info (10041): Inferred latch for "HEX3[6]" at CILOCKER7SEGv1.v(110)
Info (10041): Inferred latch for "apaga" at CILOCKER7SEGv1.v(94)
Info (10041): Inferred latch for "HEX4[0]" at CILOCKER7SEGv1.v(94)
Info (10041): Inferred latch for "HEX4[1]" at CILOCKER7SEGv1.v(94)
Info (10041): Inferred latch for "HEX4[2]" at CILOCKER7SEGv1.v(94)
Info (10041): Inferred latch for "HEX4[3]" at CILOCKER7SEGv1.v(94)
Info (10041): Inferred latch for "HEX4[4]" at CILOCKER7SEGv1.v(94)
Info (10041): Inferred latch for "HEX4[5]" at CILOCKER7SEGv1.v(94)
Info (10041): Inferred latch for "HEX4[6]" at CILOCKER7SEGv1.v(94)
Info: Duplicate LATCH primitives merged into single LATCH primitive
    Info: Duplicate LATCH primitive "LEDR[3]$latch" merged with LATCH primitive "LEDR[0]$latch"
    Info: Duplicate LATCH primitive "LEDR[2]$latch" merged with LATCH primitive "LEDR[0]$latch"
    Info: Duplicate LATCH primitive "LEDR[1]$latch" merged with LATCH primitive "LEDR[0]$latch"
    Info: Duplicate LATCH primitive "LEDR[17]$latch" merged with LATCH primitive "LEDR[4]$latch"
    Info: Duplicate LATCH primitive "LEDR[16]$latch" merged with LATCH primitive "LEDR[4]$latch"
    Info: Duplicate LATCH primitive "LEDR[15]$latch" merged with LATCH primitive "LEDR[4]$latch"
    Info: Duplicate LATCH primitive "LEDR[14]$latch" merged with LATCH primitive "LEDR[4]$latch"
    Info: Duplicate LATCH primitive "LEDR[13]$latch" merged with LATCH primitive "LEDR[4]$latch"
    Info: Duplicate LATCH primitive "LEDR[12]$latch" merged with LATCH primitive "LEDR[4]$latch"
    Info: Duplicate LATCH primitive "LEDR[11]$latch" merged with LATCH primitive "LEDR[4]$latch"
    Info: Duplicate LATCH primitive "LEDR[10]$latch" merged with LATCH primitive "LEDR[4]$latch"
    Info: Duplicate LATCH primitive "LEDR[9]$latch" merged with LATCH primitive "LEDR[4]$latch"
    Info: Duplicate LATCH primitive "LEDR[8]$latch" merged with LATCH primitive "LEDR[4]$latch"
    Info: Duplicate LATCH primitive "LEDR[7]$latch" merged with LATCH primitive "LEDR[4]$latch"
    Info: Duplicate LATCH primitive "LEDR[6]$latch" merged with LATCH primitive "LEDR[4]$latch"
    Info: Duplicate LATCH primitive "LEDR[5]$latch" merged with LATCH primitive "LEDR[4]$latch"
    Info: Duplicate LATCH primitive "LEDG[5]$latch" merged with LATCH primitive "LEDG[2]$latch"
    Info: Duplicate LATCH primitive "LEDG[4]$latch" merged with LATCH primitive "LEDG[2]$latch"
    Info: Duplicate LATCH primitive "LEDG[3]$latch" merged with LATCH primitive "LEDG[2]$latch"
    Info: Duplicate LATCH primitive "LEDG[7]$latch" merged with LATCH primitive "LEDG[6]$latch"
    Info: Duplicate LATCH primitive "HEX0[4]$latch" merged with LATCH primitive "HEX0[1]$latch"
    Info: Duplicate LATCH primitive "HEX1[4]$latch" merged with LATCH primitive "HEX0[1]$latch"
    Info: Duplicate LATCH primitive "HEX1[1]$latch" merged with LATCH primitive "HEX0[1]$latch"
    Info: Duplicate LATCH primitive "HEX3[3]$latch" merged with LATCH primitive "HEX0[1]$latch"
    Info: Duplicate LATCH primitive "HEX1[3]$latch" merged with LATCH primitive "HEX0[6]$latch"
    Info: Duplicate LATCH primitive "HEX3[1]$latch" merged with LATCH primitive "HEX0[6]$latch"
Warning: Latch LEDR[0]$latch has unsafe behavior
    Warning: Ports D and ENA on the latch are fed by the same signal validar
Warning: Latch LEDR[4]$latch has unsafe behavior
    Warning: Ports D and ENA on the latch are fed by the same signal validar
Warning: Latch LEDG[2]$latch has unsafe behavior
    Warning: Ports D and ENA on the latch are fed by the same signal validar
Warning: Latch LEDG[6]$latch has unsafe behavior
    Warning: Ports D and ENA on the latch are fed by the same signal validar
Warning: Output pins are stuck at VCC or GND
    Warning (13410): Pin "LEDG[0]" is stuck at VCC
    Warning (13410): Pin "LEDG[1]" is stuck at VCC
    Warning (13410): Pin "HEX2[3]" is stuck at VCC
    Warning (13410): Pin "HEX3[2]" is stuck at VCC
    Warning (13410): Pin "HEX4[0]" is stuck at VCC
    Warning (13410): Pin "HEX4[1]" is stuck at VCC
    Warning (13410): Pin "HEX4[2]" is stuck at VCC
    Warning (13410): Pin "HEX4[3]" is stuck at VCC
    Warning (13410): Pin "HEX4[4]" is stuck at VCC
    Warning (13410): Pin "HEX4[5]" is stuck at VCC
    Warning (13410): Pin "HEX4[6]" is stuck at VCC
    Warning (13410): Pin "HEX6[0]" is stuck at VCC
    Warning (13410): Pin "HEX6[1]" is stuck at GND
    Warning (13410): Pin "HEX6[2]" is stuck at GND
    Warning (13410): Pin "HEX6[3]" is stuck at VCC
    Warning (13410): Pin "HEX6[4]" is stuck at VCC
    Warning (13410): Pin "HEX6[5]" is stuck at VCC
    Warning (13410): Pin "HEX6[6]" is stuck at VCC
    Warning (13410): Pin "HEX7[0]" is stuck at GND
    Warning (13410): Pin "HEX7[1]" is stuck at VCC
    Warning (13410): Pin "HEX7[2]" is stuck at VCC
    Warning (13410): Pin "HEX7[3]" is stuck at GND
    Warning (13410): Pin "HEX7[4]" is stuck at GND
    Warning (13410): Pin "HEX7[5]" is stuck at GND
    Warning (13410): Pin "HEX7[6]" is stuck at VCC
Warning: Design contains 1 input pin(s) that do not drive logic
    Warning (15610): No output dependent on input pin "CLOCK_50"
Info: Implemented 113 device resources after synthesis - the final resource count might be different
    Info: Implemented 7 input pins
    Info: Implemented 76 output pins
    Info: Implemented 30 logic cells
Info: Quartus II Analysis & Synthesis was successful. 0 errors, 55 warnings
    Info: Peak virtual memory: 247 megabytes
    Info: Processing ended: Mon Jun 11 13:48:28 2018
    Info: Elapsed time: 00:00:02
    Info: Total CPU time (on all processors): 00:00:01


