Flow report for CILOCKER7SEGv1
Mon Jun 11 13:48:40 2018
Quartus II Version 9.1 Build 222 10/21/2009 SJ Web Edition


---------------------
; Table of Contents ;
---------------------
  1. Legal Notice
  2. Flow Summary
  3. Flow Settings
  4. Flow Non-Default Global Settings
  5. Flow Elapsed Time
  6. Flow OS Summary
  7. Flow Log



----------------
; Legal Notice ;
----------------
Copyright (C) 1991-2009 Altera Corporation
Your use of Altera Corporation's design tools, logic functions 
and other software and tools, and its AMPP partner logic 
functions, and any output files from any of the foregoing 
(including device programming or simulation files), and any 
associated documentation or information are expressly subject 
to the terms and conditions of the Altera Program License 
Subscription Agreement, Altera MegaCore Function License 
Agreement, or other applicable license agreement, including, 
without limitation, that your use is for the sole purpose of 
programming logic devices manufactured by Altera and sold by 
Altera or its authorized distributors.  Please refer to the 
applicable agreement for further details.



+------------------------------------------------------------------------------+
; Flow Summary                                                                 ;
+------------------------------------+-----------------------------------------+
; Flow Status                        ; Successful - Mon Jun 11 13:48:40 2018   ;
; Quartus II Version                 ; 9.1 Build 222 10/21/2009 SJ Web Edition ;
; Revision Name                      ; CILOCKER7SEGv1                          ;
; Top-level Entity Name              ; CILOCKER7SEGv1                          ;
; Family                             ; Cyclone II                              ;
; Device                             ; EP2C35F672C6                            ;
; Timing Models                      ; Final                                   ;
; Met timing requirements            ; Yes                                     ;
; Total logic elements               ; 30 / 33,216 ( < 1 % )                   ;
;     Total combinational functions  ; 30 / 33,216 ( < 1 % )                   ;
;     Dedicated logic registers      ; 0 / 33,216 ( 0 % )                      ;
; Total registers                    ; 0                                       ;
; Total pins                         ; 83 / 475 ( 17 % )                       ;
; Total virtual pins                 ; 0                                       ;
; Total memory bits                  ; 0 / 483,840 ( 0 % )                     ;
; Embedded Multiplier 9-bit elements ; 0 / 70 ( 0 % )                          ;
; Total PLLs                         ; 0 / 4 ( 0 % )                           ;
+------------------------------------+-----------------------------------------+


+-----------------------------------------+
; Flow Settings                           ;
+-------------------+---------------------+
; Option            ; Setting             ;
+-------------------+---------------------+
; Start date & time ; 06/11/2018 13:48:26 ;
; Main task         ; Compilation         ;
; Revision Name     ; CILOCKER7SEGv1      ;
+-------------------+---------------------+


+----------------------------------------------------------------------------------------------------------------------------------------------------+
; Flow Non-Default Global Settings                                                                                                                   ;
+-------------------------------------+---------------------------------------------------------+---------------+-------------+----------------------+
; Assignment Name                     ; Value                                                   ; Default Value ; Entity Name ; Section Id           ;
+-------------------------------------+---------------------------------------------------------+---------------+-------------+----------------------+
; COMPILER_SIGNATURE_ID               ; 247207025567417.152873570610452                         ; --            ; --          ; --                   ;
; EDA_DESIGN_ENTRY_SYNTHESIS_TOOL     ; Design Compiler                                         ; <None>        ; --          ; --                   ;
; EDA_INPUT_DATA_FORMAT               ; Verilog Hdl                                             ; --            ; --          ; eda_design_synthesis ;
; EDA_INPUT_VCC_NAME                  ; Vdd                                                     ; --            ; --          ; eda_design_synthesis ;
; EDA_LMF_FILE                        ; altsyn.lmf                                              ; --            ; --          ; eda_design_synthesis ;
; MAX_CORE_JUNCTION_TEMP              ; 85                                                      ; --            ; --          ; --                   ;
; MIN_CORE_JUNCTION_TEMP              ; 0                                                       ; --            ; --          ; --                   ;
; MISC_FILE                           ; C:/Users/aluno/Videos/CILOCKER7SEGv1/CILOCKER7SEGv1.dpf ; --            ; --          ; --                   ;
; PARTITION_COLOR                     ; 16764057                                                ; --            ; --          ; Top                  ;
; PARTITION_FITTER_PRESERVATION_LEVEL ; PLACEMENT_AND_ROUTING                                   ; --            ; --          ; Top                  ;
; PARTITION_NETLIST_TYPE              ; SOURCE                                                  ; --            ; --          ; Top                  ;
; USE_GENERATED_PHYSICAL_CONSTRAINTS  ; Off                                                     ; --            ; --          ; eda_blast_fpga       ;
+-------------------------------------+---------------------------------------------------------+---------------+-------------+----------------------+


+-----------------------------------------------------------------------------------------------------------------------------+
; Flow Elapsed Time                                                                                                           ;
+-------------------------+--------------+-------------------------+---------------------+------------------------------------+
; Module Name             ; Elapsed Time ; Average Processors Used ; Peak Virtual Memory ; Total CPU Time (on all processors) ;
+-------------------------+--------------+-------------------------+---------------------+------------------------------------+
; Analysis & Synthesis    ; 00:00:01     ; 1.0                     ; 245 MB              ; 00:00:01                           ;
; Fitter                  ; 00:00:05     ; 1.0                     ; 331 MB              ; 00:00:04                           ;
; Assembler               ; 00:00:01     ; 1.0                     ; 293 MB              ; 00:00:01                           ;
; Classic Timing Analyzer ; 00:00:00     ; 1.0                     ; 198 MB              ; 00:00:00                           ;
; Total                   ; 00:00:07     ; --                      ; --                  ; 00:00:06                           ;
+-------------------------+--------------+-------------------------+---------------------+------------------------------------+


+------------------------------------------------------------------------------------------+
; Flow OS Summary                                                                          ;
+-------------------------+------------------+---------------+------------+----------------+
; Module Name             ; Machine Hostname ; OS Name       ; OS Version ; Processor type ;
+-------------------------+------------------+---------------+------------+----------------+
; Analysis & Synthesis    ; DESKTOP-4URHEBD  ; Windows Vista ; 6.2        ; x86_64         ;
; Fitter                  ; DESKTOP-4URHEBD  ; Windows Vista ; 6.2        ; x86_64         ;
; Assembler               ; DESKTOP-4URHEBD  ; Windows Vista ; 6.2        ; x86_64         ;
; Classic Timing Analyzer ; DESKTOP-4URHEBD  ; Windows Vista ; 6.2        ; x86_64         ;
+-------------------------+------------------+---------------+------------+----------------+


------------
; Flow Log ;
------------
quartus_map --read_settings_files=on --write_settings_files=off CILOCKER7SEGv1 -c CILOCKER7SEGv1
quartus_fit --read_settings_files=off --write_settings_files=off CILOCKER7SEGv1 -c CILOCKER7SEGv1
quartus_asm --read_settings_files=off --write_settings_files=off CILOCKER7SEGv1 -c CILOCKER7SEGv1
quartus_tan --read_settings_files=off --write_settings_files=off CILOCKER7SEGv1 -c CILOCKER7SEGv1 --timing_analysis_only
quartus_eda --read_settings_files=off --write_settings_files=off CILOCKER7SEGv1 -c CILOCKER7SEGv1



